c:\users\rich\desktop\csc8502 2019\download\graphics for games\1) your first triangle\debug\vc142.pdb
c:\users\rich\desktop\csc8502 2019\download\graphics for games\1) your first triangle\debug\vc142.idb
c:\users\rich\desktop\csc8502 2019\download\graphics for games\1) your first triangle\debug\tutorial1.obj
c:\users\rich\desktop\csc8502 2019\download\graphics for games\1) your first triangle\debug\renderer.obj
c:\users\rich\desktop\csc8502 2019\download\graphics for games\debug\tutorial 01 - your first triangle.ilk
c:\users\rich\desktop\csc8502 2019\download\graphics for games\debug\tutorial 01 - your first triangle.exe
c:\users\rich\desktop\csc8502 2019\download\graphics for games\debug\tutorial 01 - your first triangle.pdb
h:\c++\coursework\csc8502-game-graphics\graphics for games\1) your first triangle\debug\renderer.obj
h:\c++\coursework\csc8502-game-graphics\graphics for games\1) your first triangle\debug\tutorial1.obj
h:\c++\coursework\csc8502-game-graphics\graphics for games\1) your first triangle\debug\vc142.idb
h:\c++\coursework\csc8502-game-graphics\graphics for games\1) your first triangle\debug\vc142.pdb
h:\c++\coursework\csc8502-game-graphics\graphics for games\debug\tutorial 01 - your first triangle.pdb
h:\c++\coursework\csc8502-game-graphics\graphics for games\1) your first triangle\debug\tutorial.061c02ad.tlog\cl.command.1.tlog
h:\c++\coursework\csc8502-game-graphics\graphics for games\1) your first triangle\debug\tutorial.061c02ad.tlog\cl.read.1.tlog
h:\c++\coursework\csc8502-game-graphics\graphics for games\1) your first triangle\debug\tutorial.061c02ad.tlog\cl.write.1.tlog
h:\c++\coursework\csc8502-game-graphics\graphics for games\1) your first triangle\debug\tutorial.061c02ad.tlog\link.24364-cvtres.read.1.tlog
h:\c++\coursework\csc8502-game-graphics\graphics for games\1) your first triangle\debug\tutorial.061c02ad.tlog\link.24364-cvtres.write.1.tlog
h:\c++\coursework\csc8502-game-graphics\graphics for games\1) your first triangle\debug\tutorial.061c02ad.tlog\link.24364-rc.read.1.tlog
h:\c++\coursework\csc8502-game-graphics\graphics for games\1) your first triangle\debug\tutorial.061c02ad.tlog\link.24364-rc.write.1.tlog
h:\c++\coursework\csc8502-game-graphics\graphics for games\1) your first triangle\debug\tutorial.061c02ad.tlog\link.24364.read.1.tlog
h:\c++\coursework\csc8502-game-graphics\graphics for games\1) your first triangle\debug\tutorial.061c02ad.tlog\link.24364.write.1.tlog
h:\c++\coursework\csc8502-game-graphics\graphics for games\1) your first triangle\debug\tutorial.061c02ad.tlog\link.command.1.tlog
h:\c++\coursework\csc8502-game-graphics\graphics for games\1) your first triangle\debug\tutorial.061c02ad.tlog\link.read.1.tlog
h:\c++\coursework\csc8502-game-graphics\graphics for games\1) your first triangle\debug\tutorial.061c02ad.tlog\link.write.1.tlog
