c:\users\rich\desktop\csc8502 2019\download\nclgl\debug\nclgl.pdb
c:\users\rich\desktop\csc8502 2019\download\nclgl\debug\nclgl.idb
c:\users\rich\desktop\csc8502 2019\download\nclgl\debug\window.obj
c:\users\rich\desktop\csc8502 2019\download\nclgl\debug\shader.obj
c:\users\rich\desktop\csc8502 2019\download\nclgl\debug\quaternion.obj
c:\users\rich\desktop\csc8502 2019\download\nclgl\debug\oglrenderer.obj
c:\users\rich\desktop\csc8502 2019\download\nclgl\debug\objmesh.obj
c:\users\rich\desktop\csc8502 2019\download\nclgl\debug\mouse.obj
c:\users\rich\desktop\csc8502 2019\download\nclgl\debug\mesh.obj
c:\users\rich\desktop\csc8502 2019\download\nclgl\debug\md5node.obj
c:\users\rich\desktop\csc8502 2019\download\nclgl\debug\md5mesh.obj
c:\users\rich\desktop\csc8502 2019\download\nclgl\debug\md5filedata.obj
c:\users\rich\desktop\csc8502 2019\download\nclgl\debug\md5anim.obj
c:\users\rich\desktop\csc8502 2019\download\nclgl\debug\matrix4.obj
c:\users\rich\desktop\csc8502 2019\download\nclgl\debug\keyboard.obj
c:\users\rich\desktop\csc8502 2019\download\nclgl\debug\gametimer.obj
c:\users\rich\desktop\csc8502 2019\download\nclgl\debug\camera.obj
c:\users\rich\desktop\csc8502 2019\download\graphics for games\debug\nclgl.lib
h:\c++\coursework\csc8502-game-graphics\nclgl\debug\camera.obj
h:\c++\coursework\csc8502-game-graphics\nclgl\debug\gametimer.obj
h:\c++\coursework\csc8502-game-graphics\nclgl\debug\keyboard.obj
h:\c++\coursework\csc8502-game-graphics\nclgl\debug\matrix4.obj
h:\c++\coursework\csc8502-game-graphics\nclgl\debug\md5anim.obj
h:\c++\coursework\csc8502-game-graphics\nclgl\debug\md5filedata.obj
h:\c++\coursework\csc8502-game-graphics\nclgl\debug\md5mesh.obj
h:\c++\coursework\csc8502-game-graphics\nclgl\debug\md5node.obj
h:\c++\coursework\csc8502-game-graphics\nclgl\debug\mesh.obj
h:\c++\coursework\csc8502-game-graphics\nclgl\debug\mouse.obj
h:\c++\coursework\csc8502-game-graphics\nclgl\debug\objmesh.obj
h:\c++\coursework\csc8502-game-graphics\nclgl\debug\oglrenderer.obj
h:\c++\coursework\csc8502-game-graphics\nclgl\debug\quaternion.obj
h:\c++\coursework\csc8502-game-graphics\nclgl\debug\shader.obj
h:\c++\coursework\csc8502-game-graphics\nclgl\debug\window.obj
h:\c++\coursework\csc8502-game-graphics\nclgl\debug\nclgl.idb
h:\c++\coursework\csc8502-game-graphics\nclgl\debug\nclgl.pdb
h:\c++\coursework\csc8502-game-graphics\graphics for games\debug\nclgl.pdb
h:\c++\coursework\csc8502-game-graphics\graphics for games\debug\nclgl.lib
h:\c++\coursework\csc8502-game-graphics\nclgl\debug\nclgl.tlog\cl.command.1.tlog
h:\c++\coursework\csc8502-game-graphics\nclgl\debug\nclgl.tlog\cl.read.1.tlog
h:\c++\coursework\csc8502-game-graphics\nclgl\debug\nclgl.tlog\cl.write.1.tlog
h:\c++\coursework\csc8502-game-graphics\nclgl\debug\nclgl.tlog\lib-link.read.1.tlog
h:\c++\coursework\csc8502-game-graphics\nclgl\debug\nclgl.tlog\lib-link.write.1.tlog
h:\c++\coursework\csc8502-game-graphics\nclgl\debug\nclgl.tlog\lib.command.1.tlog
