c:\users\b9059529\documents\c++\coursework\csc8502-game-graphics\coursework\nclgl\debug\nclgl.pdb
c:\users\b9059529\documents\c++\coursework\csc8502-game-graphics\coursework\nclgl\debug\nclgl.idb
c:\users\b9059529\documents\c++\coursework\csc8502-game-graphics\coursework\nclgl\debug\window.obj
c:\users\b9059529\documents\c++\coursework\csc8502-game-graphics\coursework\nclgl\debug\shader.obj
c:\users\b9059529\documents\c++\coursework\csc8502-game-graphics\coursework\nclgl\debug\scenenode.obj
c:\users\b9059529\documents\c++\coursework\csc8502-game-graphics\coursework\nclgl\debug\quaternion.obj
c:\users\b9059529\documents\c++\coursework\csc8502-game-graphics\coursework\nclgl\debug\plane.obj
c:\users\b9059529\documents\c++\coursework\csc8502-game-graphics\coursework\nclgl\debug\oglrenderer.obj
c:\users\b9059529\documents\c++\coursework\csc8502-game-graphics\coursework\nclgl\debug\objmesh.obj
c:\users\b9059529\documents\c++\coursework\csc8502-game-graphics\coursework\nclgl\debug\mouse.obj
c:\users\b9059529\documents\c++\coursework\csc8502-game-graphics\coursework\nclgl\debug\mesh.obj
c:\users\b9059529\documents\c++\coursework\csc8502-game-graphics\coursework\nclgl\debug\md5node.obj
c:\users\b9059529\documents\c++\coursework\csc8502-game-graphics\coursework\nclgl\debug\md5mesh.obj
c:\users\b9059529\documents\c++\coursework\csc8502-game-graphics\coursework\nclgl\debug\md5filedata.obj
c:\users\b9059529\documents\c++\coursework\csc8502-game-graphics\coursework\nclgl\debug\md5anim.obj
c:\users\b9059529\documents\c++\coursework\csc8502-game-graphics\coursework\nclgl\debug\matrix4.obj
c:\users\b9059529\documents\c++\coursework\csc8502-game-graphics\coursework\nclgl\debug\light.obj
c:\users\b9059529\documents\c++\coursework\csc8502-game-graphics\coursework\nclgl\debug\keyboard.obj
c:\users\b9059529\documents\c++\coursework\csc8502-game-graphics\coursework\nclgl\debug\heightmap.obj
c:\users\b9059529\documents\c++\coursework\csc8502-game-graphics\coursework\nclgl\debug\gametimer.obj
c:\users\b9059529\documents\c++\coursework\csc8502-game-graphics\coursework\nclgl\debug\frustum.obj
c:\users\b9059529\documents\c++\coursework\csc8502-game-graphics\coursework\nclgl\debug\camera.obj
c:\users\b9059529\documents\c++\coursework\csc8502-game-graphics\coursework\graphics for games\debug\nclgl.lib
c:\users\b9059529\documents\c++\coursework\csc8502-game-graphics\coursework\graphics for games\debug\nclgl.pdb
c:\users\b9059529\documents\c++\coursework\csc8502-game-graphics\coursework\nclgl\debug\nclgl.tlog\cl.command.1.tlog
c:\users\b9059529\documents\c++\coursework\csc8502-game-graphics\coursework\nclgl\debug\nclgl.tlog\cl.read.1.tlog
c:\users\b9059529\documents\c++\coursework\csc8502-game-graphics\coursework\nclgl\debug\nclgl.tlog\cl.write.1.tlog
c:\users\b9059529\documents\c++\coursework\csc8502-game-graphics\coursework\nclgl\debug\nclgl.tlog\lib-link.read.1.tlog
c:\users\b9059529\documents\c++\coursework\csc8502-game-graphics\coursework\nclgl\debug\nclgl.tlog\lib-link.write.1.tlog
c:\users\b9059529\documents\c++\coursework\csc8502-game-graphics\coursework\nclgl\debug\nclgl.tlog\lib.command.1.tlog
