  Camera.cpp
C:\Users\b9059529\Documents\C++\Coursework\CSC8502-Game-Graphics\Coursework\nclgl\Camera.cpp(66,29): warning C4244: '+=': conversion from 'double' to 'float', possible loss of data
  Frustum.cpp
  GameTimer.cpp
  HeightMap.cpp
  Keyboard.cpp
  Light.cpp
  Matrix4.cpp
  MD5Anim.cpp
  MD5FileData.cpp
  MD5Mesh.cpp
  MD5Node.cpp
  Mesh.cpp
  Mouse.cpp
  OBJMesh.cpp
  OGLRenderer.cpp
  Plane.cpp
  Quaternion.cpp
  SceneNode.cpp
  Shader.cpp
  Window.cpp
  Generating Code...
C:\Users\b9059529\Documents\C++\Coursework\CSC8502-Game-Graphics\Coursework\nclgl\Camera.cpp(69,29): warning C4244: '-=': conversion from 'double' to 'float', possible loss of data
  nclgl.vcxproj -> C:\Users\b9059529\Documents\C++\Coursework\CSC8502-Game-Graphics\Coursework\Graphics For Games\Debug\nclgl.lib
